<?xml version="1.0" encoding="UTF-8"?><testrun name="PrimeNumbersCalculatorTest" project="Numbers" tests="16" started="3" failures="2" errors="0" ignored="0">
  <testsuite name="test.numbers.PrimeNumbersCalculatorTest" incomplete="true">
    <testsuite name="test.numbers.PrimeNumbersCalculatorTest.FindPrimeNumbersUpTo" incomplete="true">
      <testsuite name="test.numbers.PrimeNumbersCalculatorTest.FindPrimeNumbersUpTo.PerfTest" incomplete="true">
        <testcase name="_1010_returns_2_3_5_7_11_13_17_19_23_29_31_37_41_43_47_53_59_61_67_71_73_79_83_89_97_101_103_107_109_113_127_131_137_139_149_151_157_163_167_173_179_181_191_193_197_199_211_223_227_229_233_239_241_251_257_263_269_271_277_281_283_293_307_311_313_317_331_337_347_349_353_359_367_373_379_383_389_397_401_409_419_421_431_433_439_443_449_457_461_463_467_479_487_491_499_503_509_521_523_541_547_557_563_569_571_577_587_593_599_601_607_613_617_619_631_641_643_647_653_659_661_673_677_683_691_701_709_719_727_733_739_743_751_757_761_769_773_787_797_809_811_821_823_827_829_839_853_857_859_863_877_881_883_887_907_911_919_929_937_941_947_953_967_971_977_983_991_997_1009" classname="test.numbers.PrimeNumbersCalculatorTest.FindPrimeNumbersUpTo.PerfTest" time="3.542">
          <failure>java.lang.AssertionError: 
Expected: iterable containing [&lt;2&gt;, &lt;3&gt;, &lt;5&gt;, &lt;7&gt;, &lt;11&gt;, &lt;13&gt;, &lt;17&gt;, &lt;19&gt;, &lt;23&gt;, &lt;29&gt;, &lt;31&gt;, &lt;37&gt;, &lt;41&gt;, &lt;43&gt;, &lt;47&gt;, &lt;53&gt;, &lt;59&gt;, &lt;61&gt;, &lt;67&gt;, &lt;71&gt;, &lt;73&gt;, &lt;79&gt;, &lt;83&gt;, &lt;89&gt;, &lt;97&gt;, &lt;101&gt;, &lt;103&gt;, &lt;107&gt;, &lt;109&gt;, &lt;113&gt;, &lt;127&gt;, &lt;131&gt;, &lt;137&gt;, &lt;139&gt;, &lt;149&gt;, &lt;151&gt;, &lt;157&gt;, &lt;163&gt;, &lt;167&gt;, &lt;173&gt;, &lt;179&gt;, &lt;181&gt;, &lt;191&gt;, &lt;193&gt;, &lt;197&gt;, &lt;199&gt;, &lt;211&gt;, &lt;223&gt;, &lt;227&gt;, &lt;229&gt;, &lt;233&gt;, &lt;239&gt;, &lt;241&gt;, &lt;251&gt;, &lt;257&gt;, &lt;263&gt;, &lt;269&gt;, &lt;271&gt;, &lt;277&gt;, &lt;281&gt;, &lt;283&gt;, &lt;293&gt;, &lt;307&gt;, &lt;311&gt;, &lt;313&gt;, &lt;317&gt;, &lt;331&gt;, &lt;337&gt;, &lt;347&gt;, &lt;349&gt;, &lt;353&gt;, &lt;359&gt;, &lt;367&gt;, &lt;373&gt;, &lt;379&gt;, &lt;383&gt;, &lt;389&gt;, &lt;397&gt;, &lt;401&gt;, &lt;409&gt;, &lt;419&gt;, &lt;421&gt;, &lt;431&gt;, &lt;433&gt;, &lt;439&gt;, &lt;443&gt;, &lt;449&gt;, &lt;457&gt;, &lt;461&gt;, &lt;463&gt;, &lt;467&gt;, &lt;479&gt;, &lt;487&gt;, &lt;491&gt;, &lt;499&gt;, &lt;503&gt;, &lt;509&gt;, &lt;521&gt;, &lt;523&gt;, &lt;541&gt;, &lt;547&gt;, &lt;557&gt;, &lt;563&gt;, &lt;569&gt;, &lt;571&gt;, &lt;577&gt;, &lt;587&gt;, &lt;593&gt;, &lt;599&gt;, &lt;601&gt;, &lt;607&gt;, &lt;613&gt;, &lt;617&gt;, &lt;619&gt;, &lt;631&gt;, &lt;641&gt;, &lt;643&gt;, &lt;647&gt;, &lt;653&gt;, &lt;659&gt;, &lt;661&gt;, &lt;673&gt;, &lt;677&gt;, &lt;683&gt;, &lt;691&gt;, &lt;701&gt;, &lt;709&gt;, &lt;719&gt;, &lt;727&gt;, &lt;733&gt;, &lt;739&gt;, &lt;743&gt;, &lt;751&gt;, &lt;757&gt;, &lt;761&gt;, &lt;769&gt;, &lt;773&gt;, &lt;787&gt;, &lt;797&gt;, &lt;809&gt;, &lt;811&gt;, &lt;821&gt;, &lt;823&gt;, &lt;827&gt;, &lt;829&gt;, &lt;839&gt;, &lt;853&gt;, &lt;857&gt;, &lt;859&gt;, &lt;863&gt;, &lt;877&gt;, &lt;881&gt;, &lt;883&gt;, &lt;887&gt;, &lt;907&gt;, &lt;911&gt;, &lt;919&gt;, &lt;929&gt;, &lt;937&gt;, &lt;941&gt;, &lt;947&gt;, &lt;953&gt;, &lt;967&gt;, &lt;971&gt;, &lt;977&gt;, &lt;983&gt;, &lt;991&gt;, &lt;997&gt;, &lt;1009&gt;]
     but: Not matched: &lt;1013&gt;&#13;
	at org.hamcrest.MatcherAssert.assertThat(MatcherAssert.java:20)&#13;
	at org.hamcrest.MatcherAssert.assertThat(MatcherAssert.java:8)&#13;
	at test.numbers.PrimeNumbersCalculatorTest$FindPrimeNumbersUpTo.computeAndCheck(PrimeNumbersCalculatorTest.java:348)&#13;
	at test.numbers.PrimeNumbersCalculatorTest$FindPrimeNumbersUpTo$PerfTest.after(PrimeNumbersCalculatorTest.java:405)&#13;
	at sun.reflect.NativeMethodAccessorImpl.invoke0(Native Method)&#13;
	at sun.reflect.NativeMethodAccessorImpl.invoke(Unknown Source)&#13;
	at sun.reflect.DelegatingMethodAccessorImpl.invoke(Unknown Source)&#13;
	at java.lang.reflect.Method.invoke(Unknown Source)&#13;
	at org.junit.runners.model.FrameworkMethod$1.runReflectiveCall(FrameworkMethod.java:50)&#13;
	at org.junit.internal.runners.model.ReflectiveCallable.run(ReflectiveCallable.java:12)&#13;
	at org.junit.runners.model.FrameworkMethod.invokeExplosively(FrameworkMethod.java:47)&#13;
	at org.junit.internal.runners.statements.RunAfters.evaluate(RunAfters.java:33)&#13;
	at de.bechte.junit.runners.context.statements.StatementExecutor.execute(StatementExecutor.java:28)&#13;
	at de.bechte.junit.runners.context.processing.MethodExecutor.run(MethodExecutor.java:83)&#13;
	at de.bechte.junit.runners.context.processing.MethodExecutor.run(MethodExecutor.java:57)&#13;
	at de.bechte.junit.runners.context.statements.RunChildren.evaluate(RunChildren.java:38)&#13;
	at de.bechte.junit.runners.context.statements.RunAll.evaluate(RunAll.java:27)&#13;
	at de.bechte.junit.runners.context.statements.StatementExecutor.execute(StatementExecutor.java:28)&#13;
	at de.bechte.junit.runners.context.HierarchicalContextRunner.run(HierarchicalContextRunner.java:134)&#13;
	at de.bechte.junit.runners.context.processing.ContextExecutor.run(ContextExecutor.java:26)&#13;
	at de.bechte.junit.runners.context.processing.ContextExecutor.run(ContextExecutor.java:15)&#13;
	at de.bechte.junit.runners.context.statements.RunChildren.evaluate(RunChildren.java:38)&#13;
	at de.bechte.junit.runners.context.statements.RunAll.evaluate(RunAll.java:27)&#13;
	at de.bechte.junit.runners.context.statements.StatementExecutor.execute(StatementExecutor.java:28)&#13;
	at de.bechte.junit.runners.context.HierarchicalContextRunner.run(HierarchicalContextRunner.java:134)&#13;
	at de.bechte.junit.runners.context.processing.ContextExecutor.run(ContextExecutor.java:26)&#13;
	at de.bechte.junit.runners.context.processing.ContextExecutor.run(ContextExecutor.java:15)&#13;
	at de.bechte.junit.runners.context.statements.RunChildren.evaluate(RunChildren.java:38)&#13;
	at de.bechte.junit.runners.context.statements.RunAll.evaluate(RunAll.java:27)&#13;
	at de.bechte.junit.runners.context.statements.StatementExecutor.execute(StatementExecutor.java:28)&#13;
	at de.bechte.junit.runners.context.HierarchicalContextRunner.run(HierarchicalContextRunner.java:134)&#13;
	at org.eclipse.jdt.internal.junit4.runner.JUnit4TestReference.run(JUnit4TestReference.java:86)&#13;
	at org.eclipse.jdt.internal.junit.runner.TestExecution.run(TestExecution.java:38)&#13;
	at org.eclipse.jdt.internal.junit.runner.RemoteTestRunner.runTests(RemoteTestRunner.java:459)&#13;
	at org.eclipse.jdt.internal.junit.runner.RemoteTestRunner.runTests(RemoteTestRunner.java:678)&#13;
	at org.eclipse.jdt.internal.junit.runner.RemoteTestRunner.run(RemoteTestRunner.java:382)&#13;
	at org.eclipse.jdt.internal.junit.runner.RemoteTestRunner.main(RemoteTestRunner.java:192)&#13;
&#13;
</failure>
        </testcase>
        <testcase name="_101_returns_2_3_5_7_11_13_17_19_23_29_31_37_41_43_47_53_59_61_67_71_73_79_83_89_97" classname="test.numbers.PrimeNumbersCalculatorTest.FindPrimeNumbersUpTo.PerfTest" time="0.006">
          <failure>java.lang.AssertionError: 
Expected: iterable containing [&lt;2&gt;, &lt;3&gt;, &lt;5&gt;, &lt;7&gt;, &lt;11&gt;, &lt;13&gt;, &lt;17&gt;, &lt;19&gt;, &lt;23&gt;, &lt;29&gt;, &lt;31&gt;, &lt;37&gt;, &lt;41&gt;, &lt;43&gt;, &lt;47&gt;, &lt;53&gt;, &lt;59&gt;, &lt;61&gt;, &lt;67&gt;, &lt;71&gt;, &lt;73&gt;, &lt;79&gt;, &lt;83&gt;, &lt;89&gt;, &lt;97&gt;, &lt;101&gt;]
     but: Not matched: &lt;103&gt;&#13;
	at org.hamcrest.MatcherAssert.assertThat(MatcherAssert.java:20)&#13;
	at org.hamcrest.MatcherAssert.assertThat(MatcherAssert.java:8)&#13;
	at test.numbers.PrimeNumbersCalculatorTest$FindPrimeNumbersUpTo.computeAndCheck(PrimeNumbersCalculatorTest.java:348)&#13;
	at test.numbers.PrimeNumbersCalculatorTest$FindPrimeNumbersUpTo$PerfTest.after(PrimeNumbersCalculatorTest.java:405)&#13;
	at sun.reflect.NativeMethodAccessorImpl.invoke0(Native Method)&#13;
	at sun.reflect.NativeMethodAccessorImpl.invoke(Unknown Source)&#13;
	at sun.reflect.DelegatingMethodAccessorImpl.invoke(Unknown Source)&#13;
	at java.lang.reflect.Method.invoke(Unknown Source)&#13;
	at org.junit.runners.model.FrameworkMethod$1.runReflectiveCall(FrameworkMethod.java:50)&#13;
	at org.junit.internal.runners.model.ReflectiveCallable.run(ReflectiveCallable.java:12)&#13;
	at org.junit.runners.model.FrameworkMethod.invokeExplosively(FrameworkMethod.java:47)&#13;
	at org.junit.internal.runners.statements.RunAfters.evaluate(RunAfters.java:33)&#13;
	at de.bechte.junit.runners.context.statements.StatementExecutor.execute(StatementExecutor.java:28)&#13;
	at de.bechte.junit.runners.context.processing.MethodExecutor.run(MethodExecutor.java:83)&#13;
	at de.bechte.junit.runners.context.processing.MethodExecutor.run(MethodExecutor.java:57)&#13;
	at de.bechte.junit.runners.context.statements.RunChildren.evaluate(RunChildren.java:38)&#13;
	at de.bechte.junit.runners.context.statements.RunAll.evaluate(RunAll.java:27)&#13;
	at de.bechte.junit.runners.context.statements.StatementExecutor.execute(StatementExecutor.java:28)&#13;
	at de.bechte.junit.runners.context.HierarchicalContextRunner.run(HierarchicalContextRunner.java:134)&#13;
	at de.bechte.junit.runners.context.processing.ContextExecutor.run(ContextExecutor.java:26)&#13;
	at de.bechte.junit.runners.context.processing.ContextExecutor.run(ContextExecutor.java:15)&#13;
	at de.bechte.junit.runners.context.statements.RunChildren.evaluate(RunChildren.java:38)&#13;
	at de.bechte.junit.runners.context.statements.RunAll.evaluate(RunAll.java:27)&#13;
	at de.bechte.junit.runners.context.statements.StatementExecutor.execute(StatementExecutor.java:28)&#13;
	at de.bechte.junit.runners.context.HierarchicalContextRunner.run(HierarchicalContextRunner.java:134)&#13;
	at de.bechte.junit.runners.context.processing.ContextExecutor.run(ContextExecutor.java:26)&#13;
	at de.bechte.junit.runners.context.processing.ContextExecutor.run(ContextExecutor.java:15)&#13;
	at de.bechte.junit.runners.context.statements.RunChildren.evaluate(RunChildren.java:38)&#13;
	at de.bechte.junit.runners.context.statements.RunAll.evaluate(RunAll.java:27)&#13;
	at de.bechte.junit.runners.context.statements.StatementExecutor.execute(StatementExecutor.java:28)&#13;
	at de.bechte.junit.runners.context.HierarchicalContextRunner.run(HierarchicalContextRunner.java:134)&#13;
	at org.eclipse.jdt.internal.junit4.runner.JUnit4TestReference.run(JUnit4TestReference.java:86)&#13;
	at org.eclipse.jdt.internal.junit.runner.TestExecution.run(TestExecution.java:38)&#13;
	at org.eclipse.jdt.internal.junit.runner.RemoteTestRunner.runTests(RemoteTestRunner.java:459)&#13;
	at org.eclipse.jdt.internal.junit.runner.RemoteTestRunner.runTests(RemoteTestRunner.java:678)&#13;
	at org.eclipse.jdt.internal.junit.runner.RemoteTestRunner.run(RemoteTestRunner.java:382)&#13;
	at org.eclipse.jdt.internal.junit.runner.RemoteTestRunner.main(RemoteTestRunner.java:192)&#13;
&#13;
</failure>
        </testcase>
        <testcase name="_2002_returns_2_3_5_7_11_13_17_19_23_29_31_37_41_43_47_etc" classname="test.numbers.PrimeNumbersCalculatorTest.FindPrimeNumbersUpTo.PerfTest" incomplete="true"/>
      </testsuite>
      <testsuite name="test.numbers.PrimeNumbersCalculatorTest.FindPrimeNumbersUpTo.TestResult" incomplete="true">
        <testcase name="ZERO_returnsEmpty" classname="test.numbers.PrimeNumbersCalculatorTest.FindPrimeNumbersUpTo.TestResult" incomplete="true"/>
        <testcase name="Four_returns_2_3" classname="test.numbers.PrimeNumbersCalculatorTest.FindPrimeNumbersUpTo.TestResult" incomplete="true"/>
        <testcase name="Two_returns_2" classname="test.numbers.PrimeNumbersCalculatorTest.FindPrimeNumbersUpTo.TestResult" incomplete="true"/>
        <testcase name="Three_returns_2_3" classname="test.numbers.PrimeNumbersCalculatorTest.FindPrimeNumbersUpTo.TestResult" incomplete="true"/>
        <testcase name="Eleven_returns_2_3_5_7_11" classname="test.numbers.PrimeNumbersCalculatorTest.FindPrimeNumbersUpTo.TestResult" incomplete="true"/>
        <testcase name="Twelve_returns_2_3_5_7_11" classname="test.numbers.PrimeNumbersCalculatorTest.FindPrimeNumbersUpTo.TestResult" incomplete="true"/>
        <testcase name="One_returnsEmpty" classname="test.numbers.PrimeNumbersCalculatorTest.FindPrimeNumbersUpTo.TestResult" incomplete="true"/>
      </testsuite>
    </testsuite>
    <testsuite name="test.numbers.PrimeNumbersCalculatorTest.GetNextPrimeNumber" incomplete="true">
      <testsuite name="test.numbers.PrimeNumbersCalculatorTest.GetNextPrimeNumber.PerfTest" incomplete="true">
        <testcase name="after_2_until_997_is_1009" classname="test.numbers.PrimeNumbersCalculatorTest.GetNextPrimeNumber.PerfTest" incomplete="true"/>
        <testcase name="after_2_until_1999_is_2003" classname="test.numbers.PrimeNumbersCalculatorTest.GetNextPrimeNumber.PerfTest" incomplete="true"/>
      </testsuite>
      <testsuite name="test.numbers.PrimeNumbersCalculatorTest.GetNextPrimeNumber.TestResult" incomplete="true">
        <testcase name="after_2_is_3" classname="test.numbers.PrimeNumbersCalculatorTest.GetNextPrimeNumber.TestResult" incomplete="true"/>
        <testcase name="after_2_3_5_is_7" classname="test.numbers.PrimeNumbersCalculatorTest.GetNextPrimeNumber.TestResult" incomplete="true"/>
        <testcase name="after_2_3_is_5" classname="test.numbers.PrimeNumbersCalculatorTest.GetNextPrimeNumber.TestResult" incomplete="true"/>
        <testcase name="after_nothing_is_2" classname="test.numbers.PrimeNumbersCalculatorTest.GetNextPrimeNumber.TestResult" incomplete="true"/>
      </testsuite>
    </testsuite>
  </testsuite>
</testrun>
