<?xml version="1.0" encoding="UTF-8"?><testrun name="TestResult.Twelve_returns_2_3_5_7_11" project="Numbers" tests="7" started="7" failures="2" errors="0" ignored="0">
  <testsuite name="test.numbers.PrimeNumbersCalculatorTest.FindPrimeNumbersUpTo.TestResult" time="0.001">
    <testcase name="ZERO_returnsEmpty" classname="test.numbers.PrimeNumbersCalculatorTest.FindPrimeNumbersUpTo.TestResult" time="0.0"/>
    <testcase name="Four_returns_2_3" classname="test.numbers.PrimeNumbersCalculatorTest.FindPrimeNumbersUpTo.TestResult" time="0.0">
      <failure>java.lang.AssertionError: 
Expected: iterable containing [&lt;2&gt;, &lt;3&gt;]
     but: Not matched: &lt;5&gt;&#13;
	at org.hamcrest.MatcherAssert.assertThat(MatcherAssert.java:20)&#13;
	at org.hamcrest.MatcherAssert.assertThat(MatcherAssert.java:8)&#13;
	at test.numbers.PrimeNumbersCalculatorTest$FindPrimeNumbersUpTo.computeAndCheck(PrimeNumbersCalculatorTest.java:349)&#13;
	at test.numbers.PrimeNumbersCalculatorTest$FindPrimeNumbersUpTo$TestResult.after(PrimeNumbersCalculatorTest.java:357)&#13;
	at sun.reflect.NativeMethodAccessorImpl.invoke0(Native Method)&#13;
	at sun.reflect.NativeMethodAccessorImpl.invoke(Unknown Source)&#13;
	at sun.reflect.DelegatingMethodAccessorImpl.invoke(Unknown Source)&#13;
	at java.lang.reflect.Method.invoke(Unknown Source)&#13;
	at org.junit.runners.model.FrameworkMethod$1.runReflectiveCall(FrameworkMethod.java:50)&#13;
	at org.junit.internal.runners.model.ReflectiveCallable.run(ReflectiveCallable.java:12)&#13;
	at org.junit.runners.model.FrameworkMethod.invokeExplosively(FrameworkMethod.java:47)&#13;
	at org.junit.internal.runners.statements.RunAfters.evaluate(RunAfters.java:33)&#13;
	at de.bechte.junit.runners.context.statements.StatementExecutor.execute(StatementExecutor.java:28)&#13;
	at de.bechte.junit.runners.context.processing.MethodExecutor.run(MethodExecutor.java:83)&#13;
	at de.bechte.junit.runners.context.processing.MethodExecutor.run(MethodExecutor.java:57)&#13;
	at de.bechte.junit.runners.context.statements.RunChildren.evaluate(RunChildren.java:38)&#13;
	at de.bechte.junit.runners.context.statements.RunAll.evaluate(RunAll.java:27)&#13;
	at de.bechte.junit.runners.context.statements.StatementExecutor.execute(StatementExecutor.java:28)&#13;
	at de.bechte.junit.runners.context.HierarchicalContextRunner.run(HierarchicalContextRunner.java:134)&#13;
	at org.eclipse.jdt.internal.junit4.runner.JUnit4TestReference.run(JUnit4TestReference.java:86)&#13;
	at org.eclipse.jdt.internal.junit.runner.TestExecution.run(TestExecution.java:38)&#13;
	at org.eclipse.jdt.internal.junit.runner.RemoteTestRunner.runTests(RemoteTestRunner.java:459)&#13;
	at org.eclipse.jdt.internal.junit.runner.RemoteTestRunner.runTests(RemoteTestRunner.java:678)&#13;
	at org.eclipse.jdt.internal.junit.runner.RemoteTestRunner.run(RemoteTestRunner.java:382)&#13;
	at org.eclipse.jdt.internal.junit.runner.RemoteTestRunner.main(RemoteTestRunner.java:192)&#13;
&#13;
</failure>
    </testcase>
    <testcase name="Two_returns_2" classname="test.numbers.PrimeNumbersCalculatorTest.FindPrimeNumbersUpTo.TestResult" time="0.0"/>
    <testcase name="Three_returns_2_3" classname="test.numbers.PrimeNumbersCalculatorTest.FindPrimeNumbersUpTo.TestResult" time="0.0"/>
    <testcase name="Eleven_returns_2_3_5_7_11" classname="test.numbers.PrimeNumbersCalculatorTest.FindPrimeNumbersUpTo.TestResult" time="0.0"/>
    <testcase name="Twelve_returns_2_3_5_7_11" classname="test.numbers.PrimeNumbersCalculatorTest.FindPrimeNumbersUpTo.TestResult" time="0.0">
      <failure>java.lang.AssertionError: 
Expected: iterable containing [&lt;2&gt;, &lt;3&gt;, &lt;5&gt;, &lt;7&gt;, &lt;11&gt;]
     but: Not matched: &lt;13&gt;&#13;
	at org.hamcrest.MatcherAssert.assertThat(MatcherAssert.java:20)&#13;
	at org.hamcrest.MatcherAssert.assertThat(MatcherAssert.java:8)&#13;
	at test.numbers.PrimeNumbersCalculatorTest$FindPrimeNumbersUpTo.computeAndCheck(PrimeNumbersCalculatorTest.java:349)&#13;
	at test.numbers.PrimeNumbersCalculatorTest$FindPrimeNumbersUpTo$TestResult.after(PrimeNumbersCalculatorTest.java:357)&#13;
	at sun.reflect.NativeMethodAccessorImpl.invoke0(Native Method)&#13;
	at sun.reflect.NativeMethodAccessorImpl.invoke(Unknown Source)&#13;
	at sun.reflect.DelegatingMethodAccessorImpl.invoke(Unknown Source)&#13;
	at java.lang.reflect.Method.invoke(Unknown Source)&#13;
	at org.junit.runners.model.FrameworkMethod$1.runReflectiveCall(FrameworkMethod.java:50)&#13;
	at org.junit.internal.runners.model.ReflectiveCallable.run(ReflectiveCallable.java:12)&#13;
	at org.junit.runners.model.FrameworkMethod.invokeExplosively(FrameworkMethod.java:47)&#13;
	at org.junit.internal.runners.statements.RunAfters.evaluate(RunAfters.java:33)&#13;
	at de.bechte.junit.runners.context.statements.StatementExecutor.execute(StatementExecutor.java:28)&#13;
	at de.bechte.junit.runners.context.processing.MethodExecutor.run(MethodExecutor.java:83)&#13;
	at de.bechte.junit.runners.context.processing.MethodExecutor.run(MethodExecutor.java:57)&#13;
	at de.bechte.junit.runners.context.statements.RunChildren.evaluate(RunChildren.java:38)&#13;
	at de.bechte.junit.runners.context.statements.RunAll.evaluate(RunAll.java:27)&#13;
	at de.bechte.junit.runners.context.statements.StatementExecutor.execute(StatementExecutor.java:28)&#13;
	at de.bechte.junit.runners.context.HierarchicalContextRunner.run(HierarchicalContextRunner.java:134)&#13;
	at org.eclipse.jdt.internal.junit4.runner.JUnit4TestReference.run(JUnit4TestReference.java:86)&#13;
	at org.eclipse.jdt.internal.junit.runner.TestExecution.run(TestExecution.java:38)&#13;
	at org.eclipse.jdt.internal.junit.runner.RemoteTestRunner.runTests(RemoteTestRunner.java:459)&#13;
	at org.eclipse.jdt.internal.junit.runner.RemoteTestRunner.runTests(RemoteTestRunner.java:678)&#13;
	at org.eclipse.jdt.internal.junit.runner.RemoteTestRunner.run(RemoteTestRunner.java:382)&#13;
	at org.eclipse.jdt.internal.junit.runner.RemoteTestRunner.main(RemoteTestRunner.java:192)&#13;
&#13;
</failure>
    </testcase>
    <testcase name="One_returnsEmpty" classname="test.numbers.PrimeNumbersCalculatorTest.FindPrimeNumbersUpTo.TestResult" time="0.001"/>
  </testsuite>
</testrun>
